Using pre-set license
Built from '2023.2/staging' branch; Version is '2023.2.20f1 (0e25a174756c) revision 927137'; Using compiler version '193431935'; Build Type 'Release'
OS: 'Windows 11  (10.0.22631) 64bit Professional' Language: 'en' Physical Memory: 32688 MB
BatchMode: 1, IsHumanControllingUs: 0, StartBugReporterOnCrash: 0, Is64bit: 1, IsPro: 1

COMMAND LINE ARGUMENTS:
C:\Program Files\Unity\Hub\Editor\2023.2.20f1\Editor\Unity.exe
-adb2
-batchMode
-noUpm
-name
AssetImportWorker0
-projectPath
D:/Bouquet Nicolas/1.ExerciceEtCour/Unity/UnityProject/Project/EaseQuint/EaseQuint
-logFile
Logs/AssetImportWorker0.log
-srvPort
65414
-job-worker-count
3
-background-job-worker-count
8
-asset-garbage-collectors
1
Successfully changed project path to: D:/Bouquet Nicolas/1.ExerciceEtCour/Unity/UnityProject/Project/EaseQuint/EaseQuint
D:/Bouquet Nicolas/1.ExerciceEtCour/Unity/UnityProject/Project/EaseQuint/EaseQuint
[UnityMemory] Configuration Parameters - Can be set up in boot.config
    "memorysetup-bucket-allocator-granularity=16"
    "memorysetup-bucket-allocator-bucket-count=8"
    "memorysetup-bucket-allocator-block-size=33554432"
    "memorysetup-bucket-allocator-block-count=8"
    "memorysetup-main-allocator-block-size=16777216"
    "memorysetup-thread-allocator-block-size=16777216"
    "memorysetup-gfx-main-allocator-block-size=16777216"
    "memorysetup-gfx-thread-allocator-block-size=16777216"
    "memorysetup-cache-allocator-block-size=4194304"
    "memorysetup-typetree-allocator-block-size=2097152"
    "memorysetup-profiler-bucket-allocator-granularity=16"
    "memorysetup-profiler-bucket-allocator-bucket-count=8"
    "memorysetup-profiler-bucket-allocator-block-size=33554432"
    "memorysetup-profiler-bucket-allocator-block-count=8"
    "memorysetup-profiler-allocator-block-size=16777216"
    "memorysetup-profiler-editor-allocator-block-size=1048576"
    "memorysetup-temp-allocator-size-main=16777216"
    "memorysetup-job-temp-allocator-block-size=2097152"
    "memorysetup-job-temp-allocator-block-size-background=1048576"
    "memorysetup-job-temp-allocator-reduction-small-platforms=262144"
    "memorysetup-allocator-temp-initial-block-size-main=262144"
    "memorysetup-allocator-temp-initial-block-size-worker=262144"
    "memorysetup-temp-allocator-size-background-worker=32768"
    "memorysetup-temp-allocator-size-job-worker=262144"
    "memorysetup-temp-allocator-size-preload-manager=33554432"
    "memorysetup-temp-allocator-size-nav-mesh-worker=65536"
    "memorysetup-temp-allocator-size-audio-worker=65536"
    "memorysetup-temp-allocator-size-cloud-worker=32768"
    "memorysetup-temp-allocator-size-gi-baking-worker=262144"
    "memorysetup-temp-allocator-size-gi-baking-worker=262144"
    "memorysetup-temp-allocator-size-gi-baking-worker=262144"
    "memorysetup-temp-allocator-size-gi-baking-worker=262144"
    "memorysetup-temp-allocator-size-gfx=262144"
Player connection [29856] Host "[IP] 192.168.10.12 [Port] 0 [Flags] 2 [Guid] 527537790 [EditorId] 527537790 [Version] 1048832 [Id] WindowsEditor(7,Poste-P12) [Debug] 1 [PackageName] WindowsEditor [ProjectName] Editor" joined multi-casting on [225.0.0.222:54997]...
Player connection [29856] Host "[IP] 192.168.10.12 [Port] 0 [Flags] 2 [Guid] 527537790 [EditorId] 527537790 [Version] 1048832 [Id] WindowsEditor(7,Poste-P12) [Debug] 1 [PackageName] WindowsEditor [ProjectName] Editor" joined alternative multi-casting on [225.0.0.222:34997]...
JobSystem: Creating JobQueue using job-worker-count value 3
[Physics::Module] Initialized MultithreadedJobDispatcher with 3 workers.
Library Redirect Path: Library/
Refreshing native plugins compatible for Editor in 1.25 ms, found 3 plugins.
Preloading 0 native plugins for Editor in 0.00 ms.
Initialize engine version: 2023.2.20f1 (0e25a174756c)
[Subsystems] Discovering subsystems at path C:/Program Files/Unity/Hub/Editor/2023.2.20f1/Editor/Data/Resources/UnitySubsystems
[Subsystems] Discovering subsystems at path D:/Bouquet Nicolas/1.ExerciceEtCour/Unity/UnityProject/Project/EaseQuint/EaseQuint/Assets
GfxDevice: creating device client; kGfxThreadingModeNonThreaded
Direct3D:
    Version:  Direct3D 11.0 [level 11.1]
    Renderer: NVIDIA GeForce GTX 1060 6GB (ID=0x1c03)
    Vendor:   NVIDIA
    VRAM:     6029 MB
    Driver:   32.0.15.6094
Initialize mono
Mono path[0] = 'C:/Program Files/Unity/Hub/Editor/2023.2.20f1/Editor/Data/Managed'
Mono path[1] = 'C:/Program Files/Unity/Hub/Editor/2023.2.20f1/Editor/Data/MonoBleedingEdge/lib/mono/unityjit-win32'
Mono config path = 'C:/Program Files/Unity/Hub/Editor/2023.2.20f1/Editor/Data/MonoBleedingEdge/etc'
Using monoOptions --debugger-agent=transport=dt_socket,embedding=1,server=y,suspend=n,address=127.0.0.1:56008
Begin MonoManager ReloadAssembly
Registering precompiled unity dll's ...
Register platform support module: C:/Program Files/Unity/Hub/Editor/2023.2.20f1/Editor/Data/PlaybackEngines/WebGLSupport/UnityEditor.WebGL.Extensions.dll
Register platform support module: C:/Program Files/Unity/Hub/Editor/2023.2.20f1/Editor/Data/PlaybackEngines/WindowsStandaloneSupport/UnityEditor.WindowsStandalone.Extensions.dll
Register platform support module: C:/Program Files/Unity/Hub/Editor/2023.2.20f1/Editor/Data/PlaybackEngines/AndroidPlayer/UnityEditor.Android.Extensions.dll
Registered in 0.008572 seconds.
- Loaded All Assemblies, in  0.659 seconds
Native extension for Android target not found
Android Extension - Scanning For ADB Devices 379 ms
Native extension for WindowsStandalone target not found
Native extension for WebGL target not found
Mono: successfully reloaded assembly
- Finished resetting the current domain, in  1.040 seconds
Domain Reload Profiling: 1696ms
	BeginReloadAssembly (216ms)
		ExecutionOrderSort (0ms)
		DisableScriptedObjects (0ms)
		BackupInstance (0ms)
		ReleaseScriptingObjects (0ms)
		CreateAndSetChildDomain (1ms)
	RebuildCommonClasses (69ms)
	RebuildNativeTypeToScriptingClass (21ms)
	initialDomainReloadingComplete (83ms)
	LoadAllAssembliesAndSetupDomain (265ms)
		LoadAssemblies (212ms)
		RebuildTransferFunctionScriptingTraits (0ms)
		AnalyzeDomain (261ms)
			TypeCache.Refresh (259ms)
				TypeCache.ScanAssembly (238ms)
			BuildScriptInfoCaches (0ms)
			ResolveRequiredComponents (1ms)
	FinalizeReload (1041ms)
		ReleaseScriptCaches (0ms)
		RebuildScriptCaches (0ms)
		SetupLoadedEditorAssemblies (951ms)
			LogAssemblyErrors (0ms)
			InitializePlatformSupportModulesInManaged (556ms)
			SetLoadedEditorAssemblies (6ms)
			BeforeProcessingInitializeOnLoad (8ms)
			ProcessInitializeOnLoadAttributes (276ms)
			ProcessInitializeOnLoadMethodAttributes (105ms)
			AfterProcessingInitializeOnLoad (0ms)
			EditorAssembliesLoaded (0ms)
		ExecutionOrderSort2 (0ms)
		AwakeInstancesAfterBackupRestoration (0ms)
========================================================================
Worker process is ready to serve import requests
Import Worker Mode flag is 0x00
Begin MonoManager ReloadAssembly
Symbol file LoadedFromMemory doesn't match image D:\Bouquet Nicolas\1.ExerciceEtCour\Unity\UnityProject\Project\EaseQuint\EaseQuint\Library\PackageCache\com.unity.visualscripting@1.8.0\Editor\VisualScripting.Core\Dependencies\YamlDotNet\Unity.VisualScripting.YamlDotNet.dll
Symbol file LoadedFromMemory doesn't match image D:\Bouquet Nicolas\1.ExerciceEtCour\Unity\UnityProject\Project\EaseQuint\EaseQuint\Library\PackageCache\com.unity.visualscripting@1.8.0\Editor\VisualScripting.Core\Dependencies\DotNetZip\Unity.VisualScripting.IonicZip.dll
- Loaded All Assemblies, in  1.432 seconds
Refreshing native plugins compatible for Editor in 1.13 ms, found 3 plugins.
Native extension for Android target not found
Native extension for WindowsStandalone target not found
Native extension for WebGL target not found
Mono: successfully reloaded assembly
- Finished resetting the current domain, in  1.246 seconds
Domain Reload Profiling: 2674ms
	BeginReloadAssembly (567ms)
		ExecutionOrderSort (0ms)
		DisableScriptedObjects (12ms)
		BackupInstance (0ms)
		ReleaseScriptingObjects (0ms)
		CreateAndSetChildDomain (51ms)
	RebuildCommonClasses (65ms)
	RebuildNativeTypeToScriptingClass (20ms)
	initialDomainReloadingComplete (51ms)
	LoadAllAssembliesAndSetupDomain (723ms)
		LoadAssemblies (560ms)
		RebuildTransferFunctionScriptingTraits (0ms)
		AnalyzeDomain (330ms)
			TypeCache.Refresh (286ms)
				TypeCache.ScanAssembly (260ms)
			BuildScriptInfoCaches (35ms)
			ResolveRequiredComponents (6ms)
	FinalizeReload (1247ms)
		ReleaseScriptCaches (0ms)
		RebuildScriptCaches (0ms)
		SetupLoadedEditorAssemblies (941ms)
			LogAssemblyErrors (0ms)
			InitializePlatformSupportModulesInManaged (26ms)
			SetLoadedEditorAssemblies (6ms)
			BeforeProcessingInitializeOnLoad (151ms)
			ProcessInitializeOnLoadAttributes (719ms)
			ProcessInitializeOnLoadMethodAttributes (31ms)
			AfterProcessingInitializeOnLoad (7ms)
			EditorAssembliesLoaded (0ms)
		ExecutionOrderSort2 (0ms)
		AwakeInstancesAfterBackupRestoration (12ms)
Launched and connected shader compiler UnityShaderCompiler.exe after 0.01 seconds
Refreshing native plugins compatible for Editor in 0.98 ms, found 3 plugins.
Preloading 0 native plugins for Editor in 0.00 ms.
Unloading 23 Unused Serialized files (Serialized files now loaded: 0)
Unloading 3538 unused Assets / (0.9 MB). Loaded Objects now: 4138.
Memory consumption went from 109.4 MB to 108.5 MB.
Total: 12.424600 ms (FindLiveObjects: 1.164100 ms CreateObjectMapping: 0.962500 ms MarkObjects: 8.563400 ms  DeleteObjects: 1.733400 ms)

========================================================================
Received Import Request.
  Time since last request: 152176.312818 seconds.
  path: Assets/ICONIC - Sports Car FREE Vol.01/Prefabs
  artifactKey: Guid(202a34b5cab885749b5073165f5a1b1f) Importer(815301076,1909f56bfc062723c751e8b465ee728b)
Start importing Assets/ICONIC - Sports Car FREE Vol.01/Prefabs using Guid(202a34b5cab885749b5073165f5a1b1f) Importer(815301076,1909f56bfc062723c751e8b465ee728b) (PreviewImporter) -> (artifact id: '6f7dea6feb3a264d6d0c2698c1f5280b') in 0.011079 seconds
Number of updated asset objects reloaded before import = 0Number of asset objects unloaded after import = 0

========================================================================
Received Import Request.
  Time since last request: 0.000345 seconds.
  path: Assets/ICONIC - Sports Car FREE Vol.01/Prefabs/Colliders
  artifactKey: Guid(e586b27f6ac2ea043be0b6d1aee39f97) Importer(815301076,1909f56bfc062723c751e8b465ee728b)
Start importing Assets/ICONIC - Sports Car FREE Vol.01/Prefabs/Colliders using Guid(e586b27f6ac2ea043be0b6d1aee39f97) Importer(815301076,1909f56bfc062723c751e8b465ee728b) (PreviewImporter) -> (artifact id: '53b3559b2fbd23c5dce93b1a136cc748') in 0.0005381 seconds
Number of updated asset objects reloaded before import = 0Number of asset objects unloaded after import = 0

========================================================================
Received Import Request.
  Time since last request: 0.000091 seconds.
  path: Assets/ICONIC - Sports Car FREE Vol.01/Prefabs/Colliders/Champion_Blue_A.prefab
  artifactKey: Guid(2473c0ed16869b644a97c004d8b04e32) Importer(815301076,1909f56bfc062723c751e8b465ee728b)
Start importing Assets/ICONIC - Sports Car FREE Vol.01/Prefabs/Colliders/Champion_Blue_A.prefab using Guid(2473c0ed16869b644a97c004d8b04e32) Importer(815301076,1909f56bfc062723c751e8b465ee728b) (PreviewImporter) -> (artifact id: 'f30710c2689ebca8870abd43f2466114') in 0.4663125 seconds
Number of updated asset objects reloaded before import = 0Number of asset objects unloaded after import = 55

========================================================================
Received Import Request.
  Time since last request: 0.000022 seconds.
  path: Assets/ICONIC - Sports Car FREE Vol.01/Prefabs/NoColliders
  artifactKey: Guid(928b26b49fb3481459d6fbfd3ba8c5e6) Importer(815301076,1909f56bfc062723c751e8b465ee728b)
Start importing Assets/ICONIC - Sports Car FREE Vol.01/Prefabs/NoColliders using Guid(928b26b49fb3481459d6fbfd3ba8c5e6) Importer(815301076,1909f56bfc062723c751e8b465ee728b) (PreviewImporter) -> (artifact id: '814c596fc09d1e328f723773ccb62afb') in 0.0006371 seconds
Number of updated asset objects reloaded before import = 0Number of asset objects unloaded after import = 0

========================================================================
Received Import Request.
  Time since last request: 15.697641 seconds.
  path: Assets/ICONIC - Sports Car FREE Vol.01/Prefabs/Colliders/Champion_Blue_B.prefab
  artifactKey: Guid(21a93a4bb4984ee4497a05d368fba51d) Importer(815301076,1909f56bfc062723c751e8b465ee728b)
Start importing Assets/ICONIC - Sports Car FREE Vol.01/Prefabs/Colliders/Champion_Blue_B.prefab using Guid(21a93a4bb4984ee4497a05d368fba51d) Importer(815301076,1909f56bfc062723c751e8b465ee728b) (PreviewImporter) -> (artifact id: '74c4458e3416f8522976ffe70f044087') in 0.0242229 seconds
Number of updated asset objects reloaded before import = 0Number of asset objects unloaded after import = 57

========================================================================
Received Import Request.
  Time since last request: 10.101648 seconds.
  path: Assets/ICONIC - Sports Car FREE Vol.01/Prefabs/Colliders/Champion_Blue_B.prefab
  artifactKey: Guid(21a93a4bb4984ee4497a05d368fba51d) Importer(815301076,1909f56bfc062723c751e8b465ee728b)
Start importing Assets/ICONIC - Sports Car FREE Vol.01/Prefabs/Colliders/Champion_Blue_B.prefab using Guid(21a93a4bb4984ee4497a05d368fba51d) Importer(815301076,1909f56bfc062723c751e8b465ee728b) (PreviewImporter) -> (artifact id: 'c799046ebd9f1d62f2174aff51ef3f6c') in 0.0179192 seconds
Number of updated asset objects reloaded before import = 0Number of asset objects unloaded after import = 55

========================================================================
Received Import Request.
  Time since last request: 3.169577 seconds.
  path: Assets/ICONIC - Sports Car FREE Vol.01/Prefabs/Colliders/Champion_Blue_B.prefab
  artifactKey: Guid(21a93a4bb4984ee4497a05d368fba51d) Importer(815301076,1909f56bfc062723c751e8b465ee728b)
Start importing Assets/ICONIC - Sports Car FREE Vol.01/Prefabs/Colliders/Champion_Blue_B.prefab using Guid(21a93a4bb4984ee4497a05d368fba51d) Importer(815301076,1909f56bfc062723c751e8b465ee728b) (PreviewImporter) -> (artifact id: '6dfcfc180ce90b11b2cb258536cf9f5a') in 0.0241594 seconds
Number of updated asset objects reloaded before import = 0Number of asset objects unloaded after import = 57

========================================================================
Received Import Request.
  Time since last request: 2.257921 seconds.
  path: Assets/ICONIC - Sports Car FREE Vol.01/Prefabs/Colliders/GameObject.prefab
  artifactKey: Guid(77352a2a913a68342b116bb153de5f77) Importer(815301076,1909f56bfc062723c751e8b465ee728b)
Start importing Assets/ICONIC - Sports Car FREE Vol.01/Prefabs/Colliders/GameObject.prefab using Guid(77352a2a913a68342b116bb153de5f77) Importer(815301076,1909f56bfc062723c751e8b465ee728b) (PreviewImporter) -> (artifact id: '6534839c73e91e01afdd44ab956aeb40') in 0.0017126 seconds
Number of updated asset objects reloaded before import = 0Number of asset objects unloaded after import = 4

========================================================================
Received Import Request.
  Time since last request: 0.051936 seconds.
  path: Assets/ICONIC - Sports Car FREE Vol.01/Prefabs/Colliders/Champion_Blue_B.prefab
  artifactKey: Guid(21a93a4bb4984ee4497a05d368fba51d) Importer(815301076,1909f56bfc062723c751e8b465ee728b)
Start importing Assets/ICONIC - Sports Car FREE Vol.01/Prefabs/Colliders/Champion_Blue_B.prefab using Guid(21a93a4bb4984ee4497a05d368fba51d) Importer(815301076,1909f56bfc062723c751e8b465ee728b) (PreviewImporter) -> (artifact id: 'c743b9932066ec1e7e0688957d99d58f') in 0.031793 seconds
Number of updated asset objects reloaded before import = 0Number of asset objects unloaded after import = 61

========================================================================
Received Import Request.
  Time since last request: 20.027874 seconds.
  path: Assets/ICONIC - Sports Car FREE Vol.01/Prefabs/Colliders/GameObject.prefab
  artifactKey: Guid(77352a2a913a68342b116bb153de5f77) Importer(815301076,1909f56bfc062723c751e8b465ee728b)
Start importing Assets/ICONIC - Sports Car FREE Vol.01/Prefabs/Colliders/GameObject.prefab using Guid(77352a2a913a68342b116bb153de5f77) Importer(815301076,1909f56bfc062723c751e8b465ee728b) (PreviewImporter) -> (artifact id: '62b319f186a30dff35ca49267f0dd195') in 0.0196343 seconds
Number of updated asset objects reloaded before import = 0Number of asset objects unloaded after import = 101

========================================================================
Received Import Request.
  Time since last request: 9.496709 seconds.
  path: Assets/ICONIC - Sports Car FREE Vol.01/Prefabs/Colliders/GameObject.prefab
  artifactKey: Guid(77352a2a913a68342b116bb153de5f77) Importer(815301076,1909f56bfc062723c751e8b465ee728b)
Start importing Assets/ICONIC - Sports Car FREE Vol.01/Prefabs/Colliders/GameObject.prefab using Guid(77352a2a913a68342b116bb153de5f77) Importer(815301076,1909f56bfc062723c751e8b465ee728b) (PreviewImporter) -> (artifact id: 'd8b0ac54ba03556a951697307930a28e') in 0.0233595 seconds
Number of updated asset objects reloaded before import = 0Number of asset objects unloaded after import = 101

========================================================================
Received Import Request.
  Time since last request: 2.999589 seconds.
  path: Assets/ICONIC - Sports Car FREE Vol.01/Prefabs/Colliders/GameObject.prefab
  artifactKey: Guid(77352a2a913a68342b116bb153de5f77) Importer(815301076,1909f56bfc062723c751e8b465ee728b)
Start importing Assets/ICONIC - Sports Car FREE Vol.01/Prefabs/Colliders/GameObject.prefab using Guid(77352a2a913a68342b116bb153de5f77) Importer(815301076,1909f56bfc062723c751e8b465ee728b) (PreviewImporter) -> (artifact id: '69847e3057e9202570de5b2ee94764f8') in 0.0259533 seconds
Number of updated asset objects reloaded before import = 0Number of asset objects unloaded after import = 101

========================================================================
Received Import Request.
  Time since last request: 6.059019 seconds.
  path: Assets/ICONIC - Sports Car FREE Vol.01/Prefabs/Colliders/GameObject.prefab
  artifactKey: Guid(77352a2a913a68342b116bb153de5f77) Importer(815301076,1909f56bfc062723c751e8b465ee728b)
Start importing Assets/ICONIC - Sports Car FREE Vol.01/Prefabs/Colliders/GameObject.prefab using Guid(77352a2a913a68342b116bb153de5f77) Importer(815301076,1909f56bfc062723c751e8b465ee728b) (PreviewImporter) -> (artifact id: '8807de324a2e18dbac16af4dfa7e2c26') in 0.0172737 seconds
Number of updated asset objects reloaded before import = 0Number of asset objects unloaded after import = 103

========================================================================
Received Import Request.
  Time since last request: 3.046224 seconds.
  path: Assets/ICONIC - Sports Car FREE Vol.01/Prefabs/Colliders/GameObject 1.prefab
  artifactKey: Guid(ca502478ab26b094489b53db1e06edc5) Importer(815301076,1909f56bfc062723c751e8b465ee728b)
Start importing Assets/ICONIC - Sports Car FREE Vol.01/Prefabs/Colliders/GameObject 1.prefab using Guid(ca502478ab26b094489b53db1e06edc5) Importer(815301076,1909f56bfc062723c751e8b465ee728b) (PreviewImporter) -> (artifact id: 'fc89b016802940c2bafaf6d5dbd71099') in 0.001708 seconds
Number of updated asset objects reloaded before import = 0Number of asset objects unloaded after import = 4

========================================================================
Received Import Request.
  Time since last request: 0.195762 seconds.
  path: Assets/ICONIC - Sports Car FREE Vol.01/Prefabs/Colliders/GameObject.prefab
  artifactKey: Guid(77352a2a913a68342b116bb153de5f77) Importer(815301076,1909f56bfc062723c751e8b465ee728b)
Start importing Assets/ICONIC - Sports Car FREE Vol.01/Prefabs/Colliders/GameObject.prefab using Guid(77352a2a913a68342b116bb153de5f77) Importer(815301076,1909f56bfc062723c751e8b465ee728b) (PreviewImporter) -> (artifact id: 'f9b355083a971e484ca340464f328d3a') in 0.0140134 seconds
Number of updated asset objects reloaded before import = 0Number of asset objects unloaded after import = 107

========================================================================
Received Import Request.
  Time since last request: 4.734346 seconds.
  path: Assets/ICONIC - Sports Car FREE Vol.01/Prefabs/Colliders/GameObject 1.prefab
  artifactKey: Guid(ca502478ab26b094489b53db1e06edc5) Importer(815301076,1909f56bfc062723c751e8b465ee728b)
Start importing Assets/ICONIC - Sports Car FREE Vol.01/Prefabs/Colliders/GameObject 1.prefab using Guid(ca502478ab26b094489b53db1e06edc5) Importer(815301076,1909f56bfc062723c751e8b465ee728b) (PreviewImporter) -> (artifact id: '0e0dba13579c50574c2a9628f05d2db4') in 0.0214824 seconds
Number of updated asset objects reloaded before import = 0Number of asset objects unloaded after import = 101

========================================================================
Received Import Request.
  Time since last request: 2.385161 seconds.
  path: Assets/ICONIC - Sports Car FREE Vol.01/Prefabs/Colliders/GameObject 1.prefab
  artifactKey: Guid(ca502478ab26b094489b53db1e06edc5) Importer(815301076,1909f56bfc062723c751e8b465ee728b)
Start importing Assets/ICONIC - Sports Car FREE Vol.01/Prefabs/Colliders/GameObject 1.prefab using Guid(ca502478ab26b094489b53db1e06edc5) Importer(815301076,1909f56bfc062723c751e8b465ee728b) (PreviewImporter) -> (artifact id: 'ac9427b343b992381c7bb07551509595') in 0.0252191 seconds
Number of updated asset objects reloaded before import = 0Number of asset objects unloaded after import = 101

========================================================================
Received Import Request.
  Time since last request: 20.885838 seconds.
  path: Assets/ICONIC - Sports Car FREE Vol.01/Prefabs/Colliders/Dont use
  artifactKey: Guid(feccac435323bf84495a90d075daf341) Importer(815301076,1909f56bfc062723c751e8b465ee728b)
Start importing Assets/ICONIC - Sports Car FREE Vol.01/Prefabs/Colliders/Dont use using Guid(feccac435323bf84495a90d075daf341) Importer(815301076,1909f56bfc062723c751e8b465ee728b) (PreviewImporter) -> (artifact id: '9a497f99128b4ef4da4e74f8904e5d24') in 0.0005753 seconds
Number of updated asset objects reloaded before import = 0Number of asset objects unloaded after import = 0

========================================================================
Received Import Request.
  Time since last request: 13.472185 seconds.
  path: Assets/ICONIC - Sports Car FREE Vol.01/Prefabs/Colliders/Champion_Blue_B.prefab
  artifactKey: Guid(77352a2a913a68342b116bb153de5f77) Importer(815301076,1909f56bfc062723c751e8b465ee728b)
Start importing Assets/ICONIC - Sports Car FREE Vol.01/Prefabs/Colliders/Champion_Blue_B.prefab using Guid(77352a2a913a68342b116bb153de5f77) Importer(815301076,1909f56bfc062723c751e8b465ee728b) (PreviewImporter) -> (artifact id: '32561d2a4451c7195d9730c027061012') in 0.0174283 seconds
Number of updated asset objects reloaded before import = 0Number of asset objects unloaded after import = 101

========================================================================
Received Import Request.
  Time since last request: 10.326080 seconds.
  path: Assets/ICONIC - Sports Car FREE Vol.01/Prefabs/Colliders/Champion_Blue_A.prefab
  artifactKey: Guid(ca502478ab26b094489b53db1e06edc5) Importer(815301076,1909f56bfc062723c751e8b465ee728b)
Start importing Assets/ICONIC - Sports Car FREE Vol.01/Prefabs/Colliders/Champion_Blue_A.prefab using Guid(ca502478ab26b094489b53db1e06edc5) Importer(815301076,1909f56bfc062723c751e8b465ee728b) (PreviewImporter) -> (artifact id: 'a71ba0f9ad488555d9fa8f9a330d6161') in 0.0153963 seconds
Number of updated asset objects reloaded before import = 0Number of asset objects unloaded after import = 101

========================================================================
Received Import Request.
  Time since last request: 18.222220 seconds.
  path: Assets/ICONIC - Sports Car FREE Vol.01/Meshes/Champion.fbx
  artifactKey: Guid(2418224a8a26ed74886d07c8b898f606) Importer(815301076,1909f56bfc062723c751e8b465ee728b)
Start importing Assets/ICONIC - Sports Car FREE Vol.01/Meshes/Champion.fbx using Guid(2418224a8a26ed74886d07c8b898f606) Importer(815301076,1909f56bfc062723c751e8b465ee728b) (PreviewImporter) -> (artifact id: '56e95a216f0519a7975d763bb787e4cf') in 0.1095453 seconds
Number of updated asset objects reloaded before import = 0Number of asset objects unloaded after import = 32

========================================================================
Received Import Request.
  Time since last request: 7.059735 seconds.
  path: Assets/Scenes/NicolasScene.unity
  artifactKey: Guid(9de86c0da1d2b784697e1890a488e623) Importer(815301076,1909f56bfc062723c751e8b465ee728b)
Start importing Assets/Scenes/NicolasScene.unity using Guid(9de86c0da1d2b784697e1890a488e623) Importer(815301076,1909f56bfc062723c751e8b465ee728b) (PreviewImporter) -> (artifact id: 'e599a5c87fdd3b321ec879f87cc22f44') in 0.0006825 seconds
Number of updated asset objects reloaded before import = 0Number of asset objects unloaded after import = 0

